{"/Users/sekinekengo/Desktop/Development/react/zaimu-vite/zaimu-project/jest-samples/utils/asyncUtils.ts": {"path":"/Users/sekinekengo/Desktop/Development/react/zaimu-vite/zaimu-project/jest-samples/utils/asyncUtils.ts","statementMap":{"0":{"start":{"line":8,"column":0},"end":{"line":8,"column":16}},"1":{"start":{"line":15,"column":0},"end":{"line":15,"column":7}},"2":{"start":{"line":32,"column":0},"end":{"line":32,"column":7}},"3":{"start":{"line":40,"column":0},"end":{"line":40,"column":16}},"4":{"start":{"line":52,"column":0},"end":{"line":52,"column":7}},"5":{"start":{"line":9,"column":4},"end":{"line":9,"column":59}},"6":{"start":{"line":9,"column":34},"end":{"line":9,"column":57}},"7":{"start":{"line":16,"column":4},"end":{"line":16,"column":21}},"8":{"start":{"line":18,"column":4},"end":{"line":20,"column":5}},"9":{"start":{"line":19,"column":8},"end":{"line":19,"column":43}},"10":{"start":{"line":22,"column":4},"end":{"line":26,"column":6}},"11":{"start":{"line":33,"column":21},"end":{"line":33,"column":57}},"12":{"start":{"line":33,"column":39},"end":{"line":33,"column":56}},"13":{"start":{"line":34,"column":4},"end":{"line":34,"column":33}},"14":{"start":{"line":41,"column":4},"end":{"line":46,"column":7}},"15":{"start":{"line":44,"column":12},"end":{"line":44,"column":81}},"16":{"start":{"line":44,"column":29},"end":{"line":44,"column":69}},"17":{"start":{"line":59,"column":4},"end":{"line":68,"column":5}},"18":{"start":{"line":59,"column":17},"end":{"line":59,"column":18}},"19":{"start":{"line":60,"column":8},"end":{"line":67,"column":9}},"20":{"start":{"line":61,"column":12},"end":{"line":61,"column":30}},"21":{"start":{"line":63,"column":12},"end":{"line":63,"column":39}},"22":{"start":{"line":64,"column":12},"end":{"line":66,"column":13}},"23":{"start":{"line":65,"column":16},"end":{"line":65,"column":37}},"24":{"start":{"line":70,"column":4},"end":{"line":70,"column":21}}},"fnMap":{"0":{"name":"delay","decl":{"start":{"line":8,"column":16},"end":{"line":8,"column":21}},"loc":{"start":{"line":8,"column":32},"end":{"line":10,"column":1}}},"1":{"name":"(anonymous_1)","decl":{"start":{"line":9,"column":23},"end":{"line":9,"column":30}},"loc":{"start":{"line":9,"column":34},"end":{"line":9,"column":57}}},"2":{"name":"fetchUserData","decl":{"start":{"line":15,"column":22},"end":{"line":15,"column":35}},"loc":{"start":{"line":15,"column":50},"end":{"line":27,"column":1}}},"3":{"name":"fetchMultipleUsers","decl":{"start":{"line":32,"column":22},"end":{"line":32,"column":40}},"loc":{"start":{"line":32,"column":58},"end":{"line":35,"column":1}}},"4":{"name":"(anonymous_4)","decl":{"start":{"line":33,"column":33},"end":{"line":33,"column":35}},"loc":{"start":{"line":33,"column":39},"end":{"line":33,"column":56}}},"5":{"name":"withTimeout","decl":{"start":{"line":40,"column":16},"end":{"line":40,"column":27}},"loc":{"start":{"line":40,"column":69},"end":{"line":47,"column":1}}},"6":{"name":"(anonymous_6)","decl":{"start":{"line":43,"column":27},"end":{"line":43,"column":28}},"loc":{"start":{"line":44,"column":12},"end":{"line":44,"column":81}}},"7":{"name":"(anonymous_7)","decl":{"start":{"line":44,"column":23},"end":{"line":44,"column":26}},"loc":{"start":{"line":44,"column":29},"end":{"line":44,"column":69}}},"8":{"name":"retryAsync","decl":{"start":{"line":52,"column":22},"end":{"line":52,"column":32}},"loc":{"start":{"line":55,"column":26},"end":{"line":71,"column":1}}}},"branchMap":{"0":{"loc":{"start":{"line":18,"column":4},"end":{"line":20,"column":5}},"type":"if","locations":[{"start":{"line":18,"column":4},"end":{"line":20,"column":5}}]},"1":{"loc":{"start":{"line":54,"column":4},"end":{"line":54,"column":26}},"type":"default-arg","locations":[{"start":{"line":54,"column":25},"end":{"line":54,"column":26}}]},"2":{"loc":{"start":{"line":55,"column":4},"end":{"line":55,"column":26}},"type":"default-arg","locations":[{"start":{"line":55,"column":22},"end":{"line":55,"column":26}}]},"3":{"loc":{"start":{"line":64,"column":12},"end":{"line":66,"column":13}},"type":"if","locations":[{"start":{"line":64,"column":12},"end":{"line":66,"column":13}}]}},"s":{"0":1,"1":1,"2":1,"3":1,"4":1,"5":25,"6":25,"7":14,"8":14,"9":3,"10":11,"11":4,"12":9,"13":4,"14":4,"15":4,"16":4,"17":5,"18":5,"19":12,"20":12,"21":9,"22":9,"23":7,"24":2},"f":{"0":25,"1":25,"2":14,"3":4,"4":9,"5":4,"6":4,"7":4,"8":5},"b":{"0":[3],"1":[1],"2":[1],"3":[7]}}
,"/Users/sekinekengo/Desktop/Development/react/zaimu-vite/zaimu-project/jest-samples/utils/calculator.ts": {"path":"/Users/sekinekengo/Desktop/Development/react/zaimu-vite/zaimu-project/jest-samples/utils/calculator.ts","statementMap":{"0":{"start":{"line":9,"column":8},"end":{"line":9,"column":21}},"1":{"start":{"line":16,"column":8},"end":{"line":16,"column":21}},"2":{"start":{"line":23,"column":8},"end":{"line":23,"column":21}},"3":{"start":{"line":31,"column":8},"end":{"line":33,"column":9}},"4":{"start":{"line":32,"column":12},"end":{"line":32,"column":63}},"5":{"start":{"line":34,"column":8},"end":{"line":34,"column":21}},"6":{"start":{"line":42,"column":8},"end":{"line":44,"column":9}},"7":{"start":{"line":43,"column":12},"end":{"line":43,"column":79}},"8":{"start":{"line":45,"column":8},"end":{"line":45,"column":28}},"9":{"start":{"line":53,"column":8},"end":{"line":55,"column":9}},"10":{"start":{"line":54,"column":12},"end":{"line":54,"column":77}},"11":{"start":{"line":56,"column":8},"end":{"line":58,"column":9}},"12":{"start":{"line":57,"column":12},"end":{"line":57,"column":21}},"13":{"start":{"line":59,"column":8},"end":{"line":59,"column":47}},"14":{"start":{"line":4,"column":0},"end":{"line":4,"column":13}}},"fnMap":{"0":{"name":"(anonymous_0)","decl":{"start":{"line":8,"column":4},"end":{"line":8,"column":10}},"loc":{"start":{"line":8,"column":35},"end":{"line":10,"column":5}}},"1":{"name":"(anonymous_1)","decl":{"start":{"line":15,"column":4},"end":{"line":15,"column":10}},"loc":{"start":{"line":15,"column":40},"end":{"line":17,"column":5}}},"2":{"name":"(anonymous_2)","decl":{"start":{"line":22,"column":4},"end":{"line":22,"column":10}},"loc":{"start":{"line":22,"column":40},"end":{"line":24,"column":5}}},"3":{"name":"(anonymous_3)","decl":{"start":{"line":30,"column":4},"end":{"line":30,"column":10}},"loc":{"start":{"line":30,"column":38},"end":{"line":35,"column":5}}},"4":{"name":"(anonymous_4)","decl":{"start":{"line":41,"column":4},"end":{"line":41,"column":10}},"loc":{"start":{"line":41,"column":25},"end":{"line":46,"column":5}}},"5":{"name":"(anonymous_5)","decl":{"start":{"line":52,"column":4},"end":{"line":52,"column":10}},"loc":{"start":{"line":52,"column":30},"end":{"line":60,"column":5}}}},"branchMap":{"0":{"loc":{"start":{"line":31,"column":8},"end":{"line":33,"column":9}},"type":"if","locations":[{"start":{"line":31,"column":8},"end":{"line":33,"column":9}}]},"1":{"loc":{"start":{"line":42,"column":8},"end":{"line":44,"column":9}},"type":"if","locations":[{"start":{"line":42,"column":8},"end":{"line":44,"column":9}}]},"2":{"loc":{"start":{"line":53,"column":8},"end":{"line":55,"column":9}},"type":"if","locations":[{"start":{"line":53,"column":8},"end":{"line":55,"column":9}}]},"3":{"loc":{"start":{"line":56,"column":8},"end":{"line":58,"column":9}},"type":"if","locations":[{"start":{"line":56,"column":8},"end":{"line":58,"column":9}}]},"4":{"loc":{"start":{"line":56,"column":12},"end":{"line":56,"column":30}},"type":"binary-expr","locations":[{"start":{"line":56,"column":12},"end":{"line":56,"column":19}},{"start":{"line":56,"column":23},"end":{"line":56,"column":30}}]}},"s":{"0":9,"1":6,"2":6,"3":8,"4":2,"5":6,"6":8,"7":2,"8":6,"9":16,"10":2,"11":14,"12":5,"13":9,"14":1},"f":{"0":9,"1":6,"2":6,"3":8,"4":8,"5":16},"b":{"0":[2],"1":[2],"2":[2],"3":[5],"4":[14,13]}}
,"/Users/sekinekengo/Desktop/Development/react/zaimu-vite/zaimu-project/jest-samples/utils/stringUtils.ts": {"path":"/Users/sekinekengo/Desktop/Development/react/zaimu-vite/zaimu-project/jest-samples/utils/stringUtils.ts","statementMap":{"0":{"start":{"line":8,"column":0},"end":{"line":8,"column":16}},"1":{"start":{"line":15,"column":0},"end":{"line":15,"column":16}},"2":{"start":{"line":23,"column":0},"end":{"line":23,"column":16}},"3":{"start":{"line":33,"column":0},"end":{"line":33,"column":16}},"4":{"start":{"line":42,"column":0},"end":{"line":42,"column":16}},"5":{"start":{"line":52,"column":0},"end":{"line":52,"column":16}},"6":{"start":{"line":9,"column":4},"end":{"line":9,"column":44}},"7":{"start":{"line":16,"column":20},"end":{"line":16,"column":63}},"8":{"start":{"line":17,"column":4},"end":{"line":17,"column":46}},"9":{"start":{"line":24,"column":4},"end":{"line":26,"column":5}},"10":{"start":{"line":25,"column":8},"end":{"line":25,"column":17}},"11":{"start":{"line":27,"column":4},"end":{"line":27,"column":42}},"12":{"start":{"line":34,"column":4},"end":{"line":36,"column":71}},"13":{"start":{"line":36,"column":51},"end":{"line":36,"column":69}},"14":{"start":{"line":43,"column":4},"end":{"line":46,"column":23}},"15":{"start":{"line":53,"column":4},"end":{"line":53,"column":25}},"16":{"start":{"line":53,"column":14},"end":{"line":53,"column":25}},"17":{"start":{"line":54,"column":4},"end":{"line":54,"column":68}}},"fnMap":{"0":{"name":"reverseString","decl":{"start":{"line":8,"column":16},"end":{"line":8,"column":29}},"loc":{"start":{"line":8,"column":41},"end":{"line":10,"column":1}}},"1":{"name":"isPalindrome","decl":{"start":{"line":15,"column":16},"end":{"line":15,"column":28}},"loc":{"start":{"line":15,"column":40},"end":{"line":18,"column":1}}},"2":{"name":"countWords","decl":{"start":{"line":23,"column":16},"end":{"line":23,"column":26}},"loc":{"start":{"line":23,"column":38},"end":{"line":28,"column":1}}},"3":{"name":"toCamelCase","decl":{"start":{"line":33,"column":16},"end":{"line":33,"column":27}},"loc":{"start":{"line":33,"column":39},"end":{"line":37,"column":1}}},"4":{"name":"(anonymous_4)","decl":{"start":{"line":36,"column":38},"end":{"line":36,"column":39}},"loc":{"start":{"line":36,"column":51},"end":{"line":36,"column":69}}},"5":{"name":"toKebabCase","decl":{"start":{"line":42,"column":16},"end":{"line":42,"column":27}},"loc":{"start":{"line":42,"column":39},"end":{"line":47,"column":1}}},"6":{"name":"capitalize","decl":{"start":{"line":52,"column":16},"end":{"line":52,"column":26}},"loc":{"start":{"line":52,"column":38},"end":{"line":55,"column":1}}}},"branchMap":{"0":{"loc":{"start":{"line":24,"column":4},"end":{"line":26,"column":5}},"type":"if","locations":[{"start":{"line":24,"column":4},"end":{"line":26,"column":5}}]},"1":{"loc":{"start":{"line":53,"column":4},"end":{"line":53,"column":25}},"type":"if","locations":[{"start":{"line":53,"column":4},"end":{"line":53,"column":25}}]}},"s":{"0":1,"1":1,"2":1,"3":1,"4":1,"5":1,"6":22,"7":14,"8":14,"9":12,"10":3,"11":9,"12":8,"13":13,"14":9,"15":11,"16":1,"17":10},"f":{"0":22,"1":14,"2":12,"3":8,"4":13,"5":9,"6":11},"b":{"0":[3],"1":[1]}}
}
