TN:
SF:jest-samples/utils/asyncUtils.ts
FN:8,delay
FN:9,(anonymous_1)
FN:15,fetchUserData
FN:32,fetchMultipleUsers
FN:33,(anonymous_4)
FN:40,withTimeout
FN:43,(anonymous_6)
FN:44,(anonymous_7)
FN:52,retryAsync
FNF:9
FNH:9
FNDA:25,delay
FNDA:25,(anonymous_1)
FNDA:14,fetchUserData
FNDA:4,fetchMultipleUsers
FNDA:9,(anonymous_4)
FNDA:4,withTimeout
FNDA:4,(anonymous_6)
FNDA:4,(anonymous_7)
FNDA:5,retryAsync
DA:8,1
DA:9,25
DA:15,1
DA:16,14
DA:18,14
DA:19,3
DA:22,11
DA:32,1
DA:33,9
DA:34,4
DA:40,1
DA:41,4
DA:44,4
DA:52,1
DA:59,5
DA:60,12
DA:61,12
DA:63,9
DA:64,9
DA:65,7
DA:70,2
LF:21
LH:21
BRDA:18,0,0,3
BRDA:54,1,0,1
BRDA:55,2,0,1
BRDA:64,3,0,7
BRF:4
BRH:4
end_of_record
TN:
SF:jest-samples/utils/calculator.ts
FN:8,(anonymous_0)
FN:15,(anonymous_1)
FN:22,(anonymous_2)
FN:30,(anonymous_3)
FN:41,(anonymous_4)
FN:52,(anonymous_5)
FNF:6
FNH:6
FNDA:9,(anonymous_0)
FNDA:6,(anonymous_1)
FNDA:6,(anonymous_2)
FNDA:8,(anonymous_3)
FNDA:8,(anonymous_4)
FNDA:16,(anonymous_5)
DA:4,1
DA:9,9
DA:16,6
DA:23,6
DA:31,8
DA:32,2
DA:34,6
DA:42,8
DA:43,2
DA:45,6
DA:53,16
DA:54,2
DA:56,14
DA:57,5
DA:59,9
LF:15
LH:15
BRDA:31,0,0,2
BRDA:42,1,0,2
BRDA:53,2,0,2
BRDA:56,3,0,5
BRDA:56,4,0,14
BRDA:56,4,1,13
BRF:6
BRH:6
end_of_record
TN:
SF:jest-samples/utils/stringUtils.ts
FN:8,reverseString
FN:15,isPalindrome
FN:23,countWords
FN:33,toCamelCase
FN:36,(anonymous_4)
FN:42,toKebabCase
FN:52,capitalize
FNF:7
FNH:7
FNDA:22,reverseString
FNDA:14,isPalindrome
FNDA:12,countWords
FNDA:8,toCamelCase
FNDA:13,(anonymous_4)
FNDA:9,toKebabCase
FNDA:11,capitalize
DA:8,1
DA:9,22
DA:15,1
DA:16,14
DA:17,14
DA:23,1
DA:24,12
DA:25,3
DA:27,9
DA:33,1
DA:34,8
DA:36,13
DA:42,1
DA:43,9
DA:52,1
DA:53,11
DA:54,10
LF:17
LH:17
BRDA:24,0,0,3
BRDA:53,1,0,1
BRF:2
BRH:2
end_of_record
